<?xml version="1.0" encoding="UTF-8"?>
<!-- Generated by org.testng.reporters.JUnitReportReporter -->
<testsuite hostname="LAPTOP-C50CP82R" failures="0" tests="1" name="Restassuredtest.PUTmethodTest" time="1.578" errors="0" timestamp="2023-10-30T22:11:59 EDT" skipped="0">
  <testcase classname="Restassuredtest.PUTmethodTest" name="f" time="1.578"/>
</testsuite> <!-- Restassuredtest.PUTmethodTest -->
